Release 14.7 - xst P.20131013 (nt64)
Copyright (c) 1995-2013 Xilinx, Inc.  All rights reserved.
--> Parameter TMPDIR set to xst/projnav.tmp


Total REAL time to Xst completion: 0.00 secs
Total CPU time to Xst completion: 0.10 secs
 
--> Parameter xsthdpdir set to xst


Total REAL time to Xst completion: 0.00 secs
Total CPU time to Xst completion: 0.10 secs
 
--> Reading design: Datapath.prj

TABLE OF CONTENTS
  1) Synthesis Options Summary
  2) HDL Parsing
  3) HDL Elaboration
  4) HDL Synthesis
       4.1) HDL Synthesis Report
  5) Advanced HDL Synthesis
       5.1) Advanced HDL Synthesis Report
  6) Low Level Synthesis
  7) Partition Report
  8) Design Summary
       8.1) Primitive and Black Box Usage
       8.2) Device utilization summary
       8.3) Partition Resource Summary
       8.4) Timing Report
            8.4.1) Clock Information
            8.4.2) Asynchronous Control Signals Information
            8.4.3) Timing Summary
            8.4.4) Timing Details
            8.4.5) Cross Clock Domains Report


=========================================================================
*                      Synthesis Options Summary                        *
=========================================================================
---- Source Parameters
Input File Name                    : "Datapath.prj"
Ignore Synthesis Constraint File   : NO

---- Target Parameters
Output File Name                   : "Datapath"
Output Format                      : NGC
Target Device                      : xc7a100t-3-csg324

---- Source Options
Top Module Name                    : Datapath
Automatic FSM Extraction           : YES
FSM Encoding Algorithm             : Auto
Safe Implementation                : No
FSM Style                          : LUT
RAM Extraction                     : Yes
RAM Style                          : Auto
ROM Extraction                     : Yes
Shift Register Extraction          : YES
ROM Style                          : Auto
Resource Sharing                   : YES
Asynchronous To Synchronous        : NO
Shift Register Minimum Size        : 2
Use DSP Block                      : Auto
Automatic Register Balancing       : No

---- Target Options
LUT Combining                      : Auto
Reduce Control Sets                : Auto
Add IO Buffers                     : YES
Global Maximum Fanout              : 100000
Add Generic Clock Buffer(BUFG)     : 32
Register Duplication               : YES
Optimize Instantiated Primitives   : NO
Use Clock Enable                   : Auto
Use Synchronous Set                : Auto
Use Synchronous Reset              : Auto
Pack IO Registers into IOBs        : Auto
Equivalent register Removal        : YES

---- General Options
Optimization Goal                  : Speed
Optimization Effort                : 1
Power Reduction                    : NO
Keep Hierarchy                     : No
Netlist Hierarchy                  : As_Optimized
RTL Output                         : Yes
Global Optimization                : AllClockNets
Read Cores                         : YES
Write Timing Constraints           : NO
Cross Clock Analysis               : NO
Hierarchy Separator                : /
Bus Delimiter                      : <>
Case Specifier                     : Maintain
Slice Utilization Ratio            : 100
BRAM Utilization Ratio             : 100
DSP48 Utilization Ratio            : 100
Auto BRAM Packing                  : NO
Slice Utilization Ratio Delta      : 5

=========================================================================


=========================================================================
*                          HDL Parsing                                  *
=========================================================================
Parsing VHDL file "C:\Users\yusuf\Desktop\project\project\mypackage1.vhd" into library work
Parsing package <mypackage1>.
Parsing VHDL file "C:\Users\yusuf\Desktop\project\project\mux32.vhd" into library work
Parsing entity <mux_32>.
Parsing architecture <Behavioral> of entity <mux_32>.
Parsing VHDL file "C:\Users\yusuf\Desktop\project\project\flopr.vhd" into library work
Parsing entity <flopr>.
Parsing architecture <Behavioral> of entity <flopr>.
Parsing VHDL file "C:\Users\yusuf\Desktop\project\project\decoder.vhd" into library work
Parsing entity <decoder>.
Parsing architecture <Behavioral> of entity <decoder>.
Parsing VHDL file "C:\Users\yusuf\Desktop\project\project\sl2.vhd" into library work
Parsing entity <sl2>.
Parsing architecture <Behavioral> of entity <sl2>.
Parsing VHDL file "C:\Users\yusuf\Desktop\project\project\SignExtend.vhd" into library work
Parsing entity <SignExtender>.
Parsing architecture <Behavioral> of entity <signextender>.
Parsing VHDL file "C:\Users\yusuf\Desktop\project\project\regfile.vhd" into library work
Parsing entity <RegisterFile>.
Parsing architecture <Behavioral> of entity <registerfile>.
WARNING:HDLCompiler:946 - "C:\Users\yusuf\Desktop\project\project\regfile.vhd" Line 61: Actual for formal port load is neither a static name nor a globally static expression
WARNING:HDLCompiler:946 - "C:\Users\yusuf\Desktop\project\project\regfile.vhd" Line 62: Actual for formal port load is neither a static name nor a globally static expression
WARNING:HDLCompiler:946 - "C:\Users\yusuf\Desktop\project\project\regfile.vhd" Line 63: Actual for formal port load is neither a static name nor a globally static expression
WARNING:HDLCompiler:946 - "C:\Users\yusuf\Desktop\project\project\regfile.vhd" Line 64: Actual for formal port load is neither a static name nor a globally static expression
WARNING:HDLCompiler:946 - "C:\Users\yusuf\Desktop\project\project\regfile.vhd" Line 65: Actual for formal port load is neither a static name nor a globally static expression
WARNING:HDLCompiler:946 - "C:\Users\yusuf\Desktop\project\project\regfile.vhd" Line 66: Actual for formal port load is neither a static name nor a globally static expression
WARNING:HDLCompiler:946 - "C:\Users\yusuf\Desktop\project\project\regfile.vhd" Line 67: Actual for formal port load is neither a static name nor a globally static expression
WARNING:HDLCompiler:946 - "C:\Users\yusuf\Desktop\project\project\regfile.vhd" Line 68: Actual for formal port load is neither a static name nor a globally static expression
WARNING:HDLCompiler:946 - "C:\Users\yusuf\Desktop\project\project\regfile.vhd" Line 69: Actual for formal port load is neither a static name nor a globally static expression
WARNING:HDLCompiler:946 - "C:\Users\yusuf\Desktop\project\project\regfile.vhd" Line 70: Actual for formal port load is neither a static name nor a globally static expression
WARNING:HDLCompiler:946 - "C:\Users\yusuf\Desktop\project\project\regfile.vhd" Line 71: Actual for formal port load is neither a static name nor a globally static expression
WARNING:HDLCompiler:946 - "C:\Users\yusuf\Desktop\project\project\regfile.vhd" Line 72: Actual for formal port load is neither a static name nor a globally static expression
WARNING:HDLCompiler:946 - "C:\Users\yusuf\Desktop\project\project\regfile.vhd" Line 73: Actual for formal port load is neither a static name nor a globally static expression
WARNING:HDLCompiler:946 - "C:\Users\yusuf\Desktop\project\project\regfile.vhd" Line 74: Actual for formal port load is neither a static name nor a globally static expression
WARNING:HDLCompiler:946 - "C:\Users\yusuf\Desktop\project\project\regfile.vhd" Line 75: Actual for formal port load is neither a static name nor a globally static expression
WARNING:HDLCompiler:946 - "C:\Users\yusuf\Desktop\project\project\regfile.vhd" Line 76: Actual for formal port load is neither a static name nor a globally static expression
WARNING:HDLCompiler:946 - "C:\Users\yusuf\Desktop\project\project\regfile.vhd" Line 77: Actual for formal port load is neither a static name nor a globally static expression
WARNING:HDLCompiler:946 - "C:\Users\yusuf\Desktop\project\project\regfile.vhd" Line 78: Actual for formal port load is neither a static name nor a globally static expression
WARNING:HDLCompiler:946 - "C:\Users\yusuf\Desktop\project\project\regfile.vhd" Line 79: Actual for formal port load is neither a static name nor a globally static expression
WARNING:HDLCompiler:946 - "C:\Users\yusuf\Desktop\project\project\regfile.vhd" Line 80: Actual for formal port load is neither a static name nor a globally static expression
WARNING:HDLCompiler:946 - "C:\Users\yusuf\Desktop\project\project\regfile.vhd" Line 81: Actual for formal port load is neither a static name nor a globally static expression
WARNING:HDLCompiler:946 - "C:\Users\yusuf\Desktop\project\project\regfile.vhd" Line 82: Actual for formal port load is neither a static name nor a globally static expression
WARNING:HDLCompiler:946 - "C:\Users\yusuf\Desktop\project\project\regfile.vhd" Line 83: Actual for formal port load is neither a static name nor a globally static expression
WARNING:HDLCompiler:946 - "C:\Users\yusuf\Desktop\project\project\regfile.vhd" Line 84: Actual for formal port load is neither a static name nor a globally static expression
WARNING:HDLCompiler:946 - "C:\Users\yusuf\Desktop\project\project\regfile.vhd" Line 85: Actual for formal port load is neither a static name nor a globally static expression
WARNING:HDLCompiler:946 - "C:\Users\yusuf\Desktop\project\project\regfile.vhd" Line 86: Actual for formal port load is neither a static name nor a globally static expression
WARNING:HDLCompiler:946 - "C:\Users\yusuf\Desktop\project\project\regfile.vhd" Line 87: Actual for formal port load is neither a static name nor a globally static expression
WARNING:HDLCompiler:946 - "C:\Users\yusuf\Desktop\project\project\regfile.vhd" Line 88: Actual for formal port load is neither a static name nor a globally static expression
WARNING:HDLCompiler:946 - "C:\Users\yusuf\Desktop\project\project\regfile.vhd" Line 89: Actual for formal port load is neither a static name nor a globally static expression
WARNING:HDLCompiler:946 - "C:\Users\yusuf\Desktop\project\project\regfile.vhd" Line 90: Actual for formal port load is neither a static name nor a globally static expression
WARNING:HDLCompiler:946 - "C:\Users\yusuf\Desktop\project\project\regfile.vhd" Line 91: Actual for formal port load is neither a static name nor a globally static expression
WARNING:HDLCompiler:946 - "C:\Users\yusuf\Desktop\project\project\regfile.vhd" Line 92: Actual for formal port load is neither a static name nor a globally static expression
Parsing VHDL file "C:\Users\yusuf\Desktop\project\project\pack_1.vhd" into library work
Parsing package <pack_1>.
Parsing VHDL file "C:\Users\yusuf\Desktop\project\project\mux3.vhd" into library work
Parsing entity <mux3>.
Parsing architecture <Behavioral> of entity <mux3>.
Parsing VHDL file "C:\Users\yusuf\Desktop\project\project\mux2.vhd" into library work
Parsing entity <mux2>.
Parsing architecture <Behavioral> of entity <mux2>.
Parsing VHDL file "C:\Users\yusuf\Desktop\project\project\flopr2.vhd" into library work
Parsing entity <flopr2>.
Parsing architecture <Behavioral> of entity <flopr2>.
Parsing VHDL file "C:\Users\yusuf\Desktop\project\project\ALU.vhd" into library work
Parsing entity <ALU>.
Parsing architecture <Behavioral> of entity <alu>.
Parsing VHDL file "C:\Users\yusuf\Desktop\project\project\adder.vhd" into library work
Parsing entity <adder>.
Parsing architecture <Behavioral> of entity <adder>.
Parsing VHDL file "C:\Users\yusuf\Desktop\project\project\datapath.vhd" into library work
Parsing entity <Datapath>.
Parsing architecture <Behavioral> of entity <datapath>.

=========================================================================
*                            HDL Elaboration                            *
=========================================================================

Elaborating entity <Datapath> (architecture <Behavioral>) from library <work>.

Elaborating entity <RegisterFile> (architecture <Behavioral>) with generics from library <work>.

Elaborating entity <flopr> (architecture <Behavioral>) with generics from library <work>.

Elaborating entity <mux_32> (architecture <Behavioral>) with generics from library <work>.

Elaborating entity <decoder> (architecture <Behavioral>) with generics from library <work>.

Elaborating entity <ALU> (architecture <Behavioral>) from library <work>.

Elaborating entity <flopr2> (architecture <Behavioral>) with generics from library <work>.

Elaborating entity <adder> (architecture <Behavioral>) from library <work>.

Elaborating entity <sl2> (architecture <Behavioral>) from library <work>.

Elaborating entity <mux2> (architecture <Behavioral>) from library <work>.

Elaborating entity <mux3> (architecture <Behavioral>) from library <work>.

Elaborating entity <SignExtender> (architecture <Behavioral>) from library <work>.

=========================================================================
*                           HDL Synthesis                               *
=========================================================================

Synthesizing Unit <Datapath>.
    Related source file is "C:\Users\yusuf\Desktop\project\project\datapath.vhd".
WARNING:Xst:647 - Input <instr<31:26>> is never used. This port will be preserved and left unconnected if it belongs to a top-level block or it belongs to a sub-block and the hierarchy of this sub-block is preserved.
    Summary:
	no macro.
Unit <Datapath> synthesized.

Synthesizing Unit <RegisterFile>.
    Related source file is "C:\Users\yusuf\Desktop\project\project\regfile.vhd".
        n = 32
    Summary:
	no macro.
Unit <RegisterFile> synthesized.

Synthesizing Unit <flopr>.
    Related source file is "C:\Users\yusuf\Desktop\project\project\flopr.vhd".
        n = 32
    Found 32-bit register for signal <temp>.
    Summary:
	inferred  32 D-type flip-flop(s).
Unit <flopr> synthesized.

Synthesizing Unit <mux_32>.
    Related source file is "C:\Users\yusuf\Desktop\project\project\mux32.vhd".
        n = 32
    Found 32-bit 32-to-1 multiplexer for signal <y> created at line 40.
    Summary:
	inferred   1 Multiplexer(s).
Unit <mux_32> synthesized.

Synthesizing Unit <decoder>.
    Related source file is "C:\Users\yusuf\Desktop\project\project\decoder.vhd".
        n = 32
    Found 32x32-bit Read Only RAM for signal <o>
    Summary:
	inferred   1 RAM(s).
Unit <decoder> synthesized.

Synthesizing Unit <ALU>.
    Related source file is "C:\Users\yusuf\Desktop\project\project\ALU.vhd".
    Found 33-bit adder for signal <tmp1> created at line 27.
    Found 32-bit subtractor for signal <tmp2<31:0>> created at line 19.
    Found 1-bit tristate buffer for signal <result<31>> created at line 34
    Found 1-bit tristate buffer for signal <result<30>> created at line 34
    Found 1-bit tristate buffer for signal <result<29>> created at line 34
    Found 1-bit tristate buffer for signal <result<28>> created at line 34
    Found 1-bit tristate buffer for signal <result<27>> created at line 34
    Found 1-bit tristate buffer for signal <result<26>> created at line 34
    Found 1-bit tristate buffer for signal <result<25>> created at line 34
    Found 1-bit tristate buffer for signal <result<24>> created at line 34
    Found 1-bit tristate buffer for signal <result<23>> created at line 34
    Found 1-bit tristate buffer for signal <result<22>> created at line 34
    Found 1-bit tristate buffer for signal <result<21>> created at line 34
    Found 1-bit tristate buffer for signal <result<20>> created at line 34
    Found 1-bit tristate buffer for signal <result<19>> created at line 34
    Found 1-bit tristate buffer for signal <result<18>> created at line 34
    Found 1-bit tristate buffer for signal <result<17>> created at line 34
    Found 1-bit tristate buffer for signal <result<16>> created at line 34
    Found 1-bit tristate buffer for signal <result<15>> created at line 34
    Found 1-bit tristate buffer for signal <result<14>> created at line 34
    Found 1-bit tristate buffer for signal <result<13>> created at line 34
    Found 1-bit tristate buffer for signal <result<12>> created at line 34
    Found 1-bit tristate buffer for signal <result<11>> created at line 34
    Found 1-bit tristate buffer for signal <result<10>> created at line 34
    Found 1-bit tristate buffer for signal <result<9>> created at line 34
    Found 1-bit tristate buffer for signal <result<8>> created at line 34
    Found 1-bit tristate buffer for signal <result<7>> created at line 34
    Found 1-bit tristate buffer for signal <result<6>> created at line 34
    Found 1-bit tristate buffer for signal <result<5>> created at line 34
    Found 1-bit tristate buffer for signal <result<4>> created at line 34
    Found 1-bit tristate buffer for signal <result<3>> created at line 34
    Found 1-bit tristate buffer for signal <result<2>> created at line 34
    Found 1-bit tristate buffer for signal <result<1>> created at line 34
    Found 1-bit tristate buffer for signal <result<0>> created at line 34
    Found 32-bit comparator greater for signal <data1[31]_data2[31]_LessThan_3_o> created at line 31
    Summary:
	inferred   2 Adder/Subtractor(s).
	inferred   1 Comparator(s).
	inferred 320 Multiplexer(s).
	inferred  32 Tristate(s).
Unit <ALU> synthesized.

Synthesizing Unit <flopr2>.
    Related source file is "C:\Users\yusuf\Desktop\project\project\flopr2.vhd".
        n = 32
    Found 32-bit register for signal <q>.
    Summary:
	inferred  32 D-type flip-flop(s).
Unit <flopr2> synthesized.

Synthesizing Unit <adder>.
    Related source file is "C:\Users\yusuf\Desktop\project\project\adder.vhd".
    Found 32-bit adder for signal <sum> created at line 42.
    Summary:
	inferred   1 Adder/Subtractor(s).
Unit <adder> synthesized.

Synthesizing Unit <sl2>.
    Related source file is "C:\Users\yusuf\Desktop\project\project\sl2.vhd".
WARNING:Xst:647 - Input <a<31:30>> is never used. This port will be preserved and left unconnected if it belongs to a top-level block or it belongs to a sub-block and the hierarchy of this sub-block is preserved.
    Summary:
	no macro.
Unit <sl2> synthesized.

Synthesizing Unit <mux2>.
    Related source file is "C:\Users\yusuf\Desktop\project\project\mux2.vhd".
    Summary:
	inferred   1 Multiplexer(s).
Unit <mux2> synthesized.

Synthesizing Unit <mux3>.
    Related source file is "C:\Users\yusuf\Desktop\project\project\mux3.vhd".
    Summary:
	inferred   1 Multiplexer(s).
Unit <mux3> synthesized.

Synthesizing Unit <SignExtender>.
    Related source file is "C:\Users\yusuf\Desktop\project\project\SignExtend.vhd".
    Summary:
	no macro.
Unit <SignExtender> synthesized.

=========================================================================
HDL Synthesis Report

Macro Statistics
# RAMs                                                 : 1
 32x32-bit single-port Read Only RAM                   : 1
# Adders/Subtractors                                   : 4
 32-bit adder                                          : 2
 32-bit subtractor                                     : 1
 33-bit adder                                          : 1
# Registers                                            : 33
 32-bit register                                       : 33
# Comparators                                          : 1
 32-bit comparator greater                             : 1
# Multiplexers                                         : 327
 1-bit 2-to-1 multiplexer                              : 320
 32-bit 2-to-1 multiplexer                             : 4
 32-bit 32-to-1 multiplexer                            : 2
 5-bit 2-to-1 multiplexer                              : 1
# Tristates                                            : 32
 1-bit tristate buffer                                 : 32

=========================================================================

=========================================================================
*                       Advanced HDL Synthesis                          *
=========================================================================


Synthesizing (advanced) Unit <decoder>.
INFO:Xst:3218 - HDL ADVISOR - The RAM <Mram_o> will be implemented on LUTs either because you have described an asynchronous read or because of currently unsupported block RAM features. If you have described an asynchronous read, making it synchronous would allow you to take advantage of available block RAM resources, for optimized device usage and improved timings. Please refer to your documentation for coding guidelines.
    -----------------------------------------------------------------------
    | ram_type           | Distributed                         |          |
    -----------------------------------------------------------------------
    | Port A                                                              |
    |     aspect ratio   | 32-word x 32-bit                    |          |
    |     weA            | connected to signal <GND>           | high     |
    |     addrA          | connected to signal <I>             |          |
    |     diA            | connected to signal <GND>           |          |
    |     doA            | connected to signal <o>             |          |
    -----------------------------------------------------------------------
Unit <decoder> synthesized (advanced).

=========================================================================
Advanced HDL Synthesis Report

Macro Statistics
# RAMs                                                 : 1
 32x32-bit single-port distributed Read Only RAM       : 1
# Adders/Subtractors                                   : 4
 32-bit adder                                          : 3
 32-bit subtractor                                     : 1
# Registers                                            : 1056
 Flip-Flops                                            : 1056
# Comparators                                          : 1
 32-bit comparator greater                             : 1
# Multiplexers                                         : 327
 1-bit 2-to-1 multiplexer                              : 320
 32-bit 2-to-1 multiplexer                             : 4
 32-bit 32-to-1 multiplexer                            : 2
 5-bit 2-to-1 multiplexer                              : 1

=========================================================================

=========================================================================
*                         Low Level Synthesis                           *
=========================================================================
WARNING:Xst:2042 - Unit Datapath: 32 internal tristates are replaced by logic (pull-up yes): N10, N11, N12, N13, N14, N15, N16, N17, N18, N19, N20, N21, N22, N23, N24, N25, N26, N27, N28, N29, N30, N31, N32, N33, N34, N35, N4, N5, N6, N7, N8, N9.

Optimizing unit <flopr2> ...

Optimizing unit <Datapath> ...

Optimizing unit <RegisterFile> ...
WARNING:Xst:1710 - FF/Latch <pcreg/q_1> (without init value) has a constant value of 0 in block <Datapath>. This FF/Latch will be trimmed during the optimization process.
WARNING:Xst:1895 - Due to other FF/Latch trimming, FF/Latch <pcreg/q_0> (without init value) has a constant value of 0 in block <Datapath>. This FF/Latch will be trimmed during the optimization process.

Mapping all equations...
Building and optimizing final netlist ...
Found area constraint ratio of 100 (+ 5) on block Datapath, actual ratio is 3.

Final Macro Processing ...

=========================================================================
Final Register Report

Macro Statistics
# Registers                                            : 1054
 Flip-Flops                                            : 1054

=========================================================================

=========================================================================
*                           Partition Report                            *
=========================================================================

Partition Implementation Status
-------------------------------

  No Partitions were found in this design.

-------------------------------

=========================================================================
*                            Design Summary                             *
=========================================================================

Top Level Output File Name         : Datapath.ngc

Primitive and Black Box Usage:
------------------------------
# BELS                             : 1486
#      GND                         : 1
#      INV                         : 1
#      LUT1                        : 29
#      LUT2                        : 31
#      LUT3                        : 6
#      LUT4                        : 140
#      LUT5                        : 60
#      LUT6                        : 923
#      MUXCY                       : 138
#      MUXF7                       : 32
#      VCC                         : 1
#      XORCY                       : 124
# FlipFlops/Latches                : 1054
#      FDC                         : 30
#      FDE                         : 1024
# Clock Buffers                    : 1
#      BUFGP                       : 1
# IO Buffers                       : 166
#      IBUF                        : 69
#      OBUF                        : 65
#      OBUFT                       : 32

Device utilization summary:
---------------------------

Selected Device : 7a100tcsg324-3 


Slice Logic Utilization: 
 Number of Slice Registers:            1054  out of  126800     0%  
 Number of Slice LUTs:                 1190  out of  63400     1%  
    Number used as Logic:              1190  out of  63400     1%  

Slice Logic Distribution: 
 Number of LUT Flip Flop pairs used:   2146
   Number with an unused Flip Flop:    1092  out of   2146    50%  
   Number with an unused LUT:           956  out of   2146    44%  
   Number of fully used LUT-FF pairs:    98  out of   2146     4%  
   Number of unique control sets:        33

IO Utilization: 
 Number of IOs:                         173
 Number of bonded IOBs:                 167  out of    210    79%  

Specific Feature Utilization:
 Number of BUFG/BUFGCTRLs:                1  out of     32     3%  

---------------------------
Partition Resource Summary:
---------------------------

  No Partitions were found in this design.

---------------------------


=========================================================================
Timing Report

NOTE: THESE TIMING NUMBERS ARE ONLY A SYNTHESIS ESTIMATE.
      FOR ACCURATE TIMING INFORMATION PLEASE REFER TO THE TRACE REPORT
      GENERATED AFTER PLACE-and-ROUTE.

Clock Information:
------------------
-----------------------------------+------------------------+-------+
Clock Signal                       | Clock buffer(FF name)  | Load  |
-----------------------------------+------------------------+-------+
clk                                | BUFGP                  | 1054  |
-----------------------------------+------------------------+-------+

Asynchronous Control Signals Information:
----------------------------------------
No asynchronous control signals found in this design

Timing Summary:
---------------
Speed Grade: -3

   Minimum period: 4.268ns (Maximum Frequency: 234.318MHz)
   Minimum input arrival time before clock: 4.182ns
   Maximum output required time after clock: 6.486ns
   Maximum combinational path delay: 6.400ns

Timing Details:
---------------
All values displayed in nanoseconds (ns)

=========================================================================
Timing constraint: Default period analysis for Clock 'clk'
  Clock period: 4.268ns (frequency: 234.318MHz)
  Total number of paths / destination ports: 3577536 / 1054
-------------------------------------------------------------------------
Delay:               4.268ns (Levels of Logic = 37)
  Source:            regfile/r26/temp_0 (FF)
  Destination:       regfile/r0/temp_31 (FF)
  Source Clock:      clk rising
  Destination Clock: clk rising

  Data Path: regfile/r26/temp_0 to regfile/r0/temp_31
                                Gate     Net
    Cell:in->out      fanout   Delay   Delay  Logical Name (Net Name)
    ----------------------------------------  ------------
     FDE:C->Q              2   0.361   0.561  regfile/r26/temp_0 (regfile/r26/temp_0)
     LUT6:I2->O            1   0.097   0.556  regfile/mux1/Mmux_y_81 (regfile/mux1/Mmux_y_81)
     LUT6:I2->O            1   0.097   0.000  regfile/mux1/Mmux_y_3 (regfile/mux1/Mmux_y_3)
     MUXF7:I1->O           6   0.279   0.318  regfile/mux1/Mmux_y_2_f7 (read_data1<0>)
     LUT6:I5->O            1   0.097   0.000  alufile/Madd_tmp1_Madd_lut<0> (alufile/Madd_tmp1_Madd_lut<0>)
     MUXCY:S->O            1   0.353   0.000  alufile/Madd_tmp1_Madd_cy<0> (alufile/Madd_tmp1_Madd_cy<0>)
     MUXCY:CI->O           1   0.023   0.000  alufile/Madd_tmp1_Madd_cy<1> (alufile/Madd_tmp1_Madd_cy<1>)
     MUXCY:CI->O           1   0.023   0.000  alufile/Madd_tmp1_Madd_cy<2> (alufile/Madd_tmp1_Madd_cy<2>)
     MUXCY:CI->O           1   0.023   0.000  alufile/Madd_tmp1_Madd_cy<3> (alufile/Madd_tmp1_Madd_cy<3>)
     MUXCY:CI->O           1   0.023   0.000  alufile/Madd_tmp1_Madd_cy<4> (alufile/Madd_tmp1_Madd_cy<4>)
     MUXCY:CI->O           1   0.023   0.000  alufile/Madd_tmp1_Madd_cy<5> (alufile/Madd_tmp1_Madd_cy<5>)
     MUXCY:CI->O           1   0.023   0.000  alufile/Madd_tmp1_Madd_cy<6> (alufile/Madd_tmp1_Madd_cy<6>)
     MUXCY:CI->O           1   0.023   0.000  alufile/Madd_tmp1_Madd_cy<7> (alufile/Madd_tmp1_Madd_cy<7>)
     MUXCY:CI->O           1   0.023   0.000  alufile/Madd_tmp1_Madd_cy<8> (alufile/Madd_tmp1_Madd_cy<8>)
     MUXCY:CI->O           1   0.023   0.000  alufile/Madd_tmp1_Madd_cy<9> (alufile/Madd_tmp1_Madd_cy<9>)
     MUXCY:CI->O           1   0.023   0.000  alufile/Madd_tmp1_Madd_cy<10> (alufile/Madd_tmp1_Madd_cy<10>)
     MUXCY:CI->O           1   0.023   0.000  alufile/Madd_tmp1_Madd_cy<11> (alufile/Madd_tmp1_Madd_cy<11>)
     MUXCY:CI->O           1   0.023   0.000  alufile/Madd_tmp1_Madd_cy<12> (alufile/Madd_tmp1_Madd_cy<12>)
     MUXCY:CI->O           1   0.023   0.000  alufile/Madd_tmp1_Madd_cy<13> (alufile/Madd_tmp1_Madd_cy<13>)
     MUXCY:CI->O           1   0.023   0.000  alufile/Madd_tmp1_Madd_cy<14> (alufile/Madd_tmp1_Madd_cy<14>)
     MUXCY:CI->O           1   0.023   0.000  alufile/Madd_tmp1_Madd_cy<15> (alufile/Madd_tmp1_Madd_cy<15>)
     MUXCY:CI->O           1   0.023   0.000  alufile/Madd_tmp1_Madd_cy<16> (alufile/Madd_tmp1_Madd_cy<16>)
     MUXCY:CI->O           1   0.023   0.000  alufile/Madd_tmp1_Madd_cy<17> (alufile/Madd_tmp1_Madd_cy<17>)
     MUXCY:CI->O           1   0.023   0.000  alufile/Madd_tmp1_Madd_cy<18> (alufile/Madd_tmp1_Madd_cy<18>)
     MUXCY:CI->O           1   0.023   0.000  alufile/Madd_tmp1_Madd_cy<19> (alufile/Madd_tmp1_Madd_cy<19>)
     MUXCY:CI->O           1   0.023   0.000  alufile/Madd_tmp1_Madd_cy<20> (alufile/Madd_tmp1_Madd_cy<20>)
     MUXCY:CI->O           1   0.023   0.000  alufile/Madd_tmp1_Madd_cy<21> (alufile/Madd_tmp1_Madd_cy<21>)
     MUXCY:CI->O           1   0.023   0.000  alufile/Madd_tmp1_Madd_cy<22> (alufile/Madd_tmp1_Madd_cy<22>)
     MUXCY:CI->O           1   0.023   0.000  alufile/Madd_tmp1_Madd_cy<23> (alufile/Madd_tmp1_Madd_cy<23>)
     MUXCY:CI->O           1   0.023   0.000  alufile/Madd_tmp1_Madd_cy<24> (alufile/Madd_tmp1_Madd_cy<24>)
     MUXCY:CI->O           1   0.023   0.000  alufile/Madd_tmp1_Madd_cy<25> (alufile/Madd_tmp1_Madd_cy<25>)
     MUXCY:CI->O           1   0.023   0.000  alufile/Madd_tmp1_Madd_cy<26> (alufile/Madd_tmp1_Madd_cy<26>)
     MUXCY:CI->O           1   0.023   0.000  alufile/Madd_tmp1_Madd_cy<27> (alufile/Madd_tmp1_Madd_cy<27>)
     MUXCY:CI->O           1   0.023   0.000  alufile/Madd_tmp1_Madd_cy<28> (alufile/Madd_tmp1_Madd_cy<28>)
     MUXCY:CI->O           1   0.023   0.000  alufile/Madd_tmp1_Madd_cy<29> (alufile/Madd_tmp1_Madd_cy<29>)
     MUXCY:CI->O           0   0.023   0.000  alufile/Madd_tmp1_Madd_cy<30> (alufile/Madd_tmp1_Madd_cy<30>)
     XORCY:CI->O           2   0.370   0.383  alufile/Madd_tmp1_Madd_xor<31> (alufile/tmp1<31>)
     LUT6:I4->O           33   0.097   0.000  datamux/Mmux_c251 (writedata_31_OBUF)
     FDE:D                     0.008          regfile/r0/temp_31
    ----------------------------------------
    Total                      4.268ns (2.449ns logic, 1.819ns route)
                                       (57.4% logic, 42.6% route)

=========================================================================
Timing constraint: Default OFFSET IN BEFORE for Clock 'clk'
  Total number of paths / destination ports: 2473701 / 2108
-------------------------------------------------------------------------
Offset:              4.182ns (Levels of Logic = 38)
  Source:            instr<22> (PAD)
  Destination:       regfile/r0/temp_31 (FF)
  Destination Clock: clk rising

  Data Path: instr<22> to regfile/r0/temp_31
                                Gate     Net
    Cell:in->out      fanout   Delay   Delay  Logical Name (Net Name)
    ----------------------------------------  ------------
     IBUF:I->O           257   0.001   0.835  instr_22_IBUF (instr_22_IBUF)
     LUT6:I0->O            1   0.097   0.556  regfile/mux1/Mmux_y_81 (regfile/mux1/Mmux_y_81)
     LUT6:I2->O            1   0.097   0.000  regfile/mux1/Mmux_y_3 (regfile/mux1/Mmux_y_3)
     MUXF7:I1->O           6   0.279   0.318  regfile/mux1/Mmux_y_2_f7 (read_data1<0>)
     LUT6:I5->O            1   0.097   0.000  alufile/Madd_tmp1_Madd_lut<0> (alufile/Madd_tmp1_Madd_lut<0>)
     MUXCY:S->O            1   0.353   0.000  alufile/Madd_tmp1_Madd_cy<0> (alufile/Madd_tmp1_Madd_cy<0>)
     MUXCY:CI->O           1   0.023   0.000  alufile/Madd_tmp1_Madd_cy<1> (alufile/Madd_tmp1_Madd_cy<1>)
     MUXCY:CI->O           1   0.023   0.000  alufile/Madd_tmp1_Madd_cy<2> (alufile/Madd_tmp1_Madd_cy<2>)
     MUXCY:CI->O           1   0.023   0.000  alufile/Madd_tmp1_Madd_cy<3> (alufile/Madd_tmp1_Madd_cy<3>)
     MUXCY:CI->O           1   0.023   0.000  alufile/Madd_tmp1_Madd_cy<4> (alufile/Madd_tmp1_Madd_cy<4>)
     MUXCY:CI->O           1   0.023   0.000  alufile/Madd_tmp1_Madd_cy<5> (alufile/Madd_tmp1_Madd_cy<5>)
     MUXCY:CI->O           1   0.023   0.000  alufile/Madd_tmp1_Madd_cy<6> (alufile/Madd_tmp1_Madd_cy<6>)
     MUXCY:CI->O           1   0.023   0.000  alufile/Madd_tmp1_Madd_cy<7> (alufile/Madd_tmp1_Madd_cy<7>)
     MUXCY:CI->O           1   0.023   0.000  alufile/Madd_tmp1_Madd_cy<8> (alufile/Madd_tmp1_Madd_cy<8>)
     MUXCY:CI->O           1   0.023   0.000  alufile/Madd_tmp1_Madd_cy<9> (alufile/Madd_tmp1_Madd_cy<9>)
     MUXCY:CI->O           1   0.023   0.000  alufile/Madd_tmp1_Madd_cy<10> (alufile/Madd_tmp1_Madd_cy<10>)
     MUXCY:CI->O           1   0.023   0.000  alufile/Madd_tmp1_Madd_cy<11> (alufile/Madd_tmp1_Madd_cy<11>)
     MUXCY:CI->O           1   0.023   0.000  alufile/Madd_tmp1_Madd_cy<12> (alufile/Madd_tmp1_Madd_cy<12>)
     MUXCY:CI->O           1   0.023   0.000  alufile/Madd_tmp1_Madd_cy<13> (alufile/Madd_tmp1_Madd_cy<13>)
     MUXCY:CI->O           1   0.023   0.000  alufile/Madd_tmp1_Madd_cy<14> (alufile/Madd_tmp1_Madd_cy<14>)
     MUXCY:CI->O           1   0.023   0.000  alufile/Madd_tmp1_Madd_cy<15> (alufile/Madd_tmp1_Madd_cy<15>)
     MUXCY:CI->O           1   0.023   0.000  alufile/Madd_tmp1_Madd_cy<16> (alufile/Madd_tmp1_Madd_cy<16>)
     MUXCY:CI->O           1   0.023   0.000  alufile/Madd_tmp1_Madd_cy<17> (alufile/Madd_tmp1_Madd_cy<17>)
     MUXCY:CI->O           1   0.023   0.000  alufile/Madd_tmp1_Madd_cy<18> (alufile/Madd_tmp1_Madd_cy<18>)
     MUXCY:CI->O           1   0.023   0.000  alufile/Madd_tmp1_Madd_cy<19> (alufile/Madd_tmp1_Madd_cy<19>)
     MUXCY:CI->O           1   0.023   0.000  alufile/Madd_tmp1_Madd_cy<20> (alufile/Madd_tmp1_Madd_cy<20>)
     MUXCY:CI->O           1   0.023   0.000  alufile/Madd_tmp1_Madd_cy<21> (alufile/Madd_tmp1_Madd_cy<21>)
     MUXCY:CI->O           1   0.023   0.000  alufile/Madd_tmp1_Madd_cy<22> (alufile/Madd_tmp1_Madd_cy<22>)
     MUXCY:CI->O           1   0.023   0.000  alufile/Madd_tmp1_Madd_cy<23> (alufile/Madd_tmp1_Madd_cy<23>)
     MUXCY:CI->O           1   0.023   0.000  alufile/Madd_tmp1_Madd_cy<24> (alufile/Madd_tmp1_Madd_cy<24>)
     MUXCY:CI->O           1   0.023   0.000  alufile/Madd_tmp1_Madd_cy<25> (alufile/Madd_tmp1_Madd_cy<25>)
     MUXCY:CI->O           1   0.023   0.000  alufile/Madd_tmp1_Madd_cy<26> (alufile/Madd_tmp1_Madd_cy<26>)
     MUXCY:CI->O           1   0.023   0.000  alufile/Madd_tmp1_Madd_cy<27> (alufile/Madd_tmp1_Madd_cy<27>)
     MUXCY:CI->O           1   0.023   0.000  alufile/Madd_tmp1_Madd_cy<28> (alufile/Madd_tmp1_Madd_cy<28>)
     MUXCY:CI->O           1   0.023   0.000  alufile/Madd_tmp1_Madd_cy<29> (alufile/Madd_tmp1_Madd_cy<29>)
     MUXCY:CI->O           0   0.023   0.000  alufile/Madd_tmp1_Madd_cy<30> (alufile/Madd_tmp1_Madd_cy<30>)
     XORCY:CI->O           2   0.370   0.383  alufile/Madd_tmp1_Madd_xor<31> (alufile/tmp1<31>)
     LUT6:I4->O           33   0.097   0.000  datamux/Mmux_c251 (writedata_31_OBUF)
     FDE:D                     0.008          regfile/r0/temp_31
    ----------------------------------------
    Total                      4.182ns (2.089ns logic, 2.093ns route)
                                       (50.0% logic, 50.0% route)

=========================================================================
Timing constraint: Default OFFSET OUT AFTER for Clock 'clk'
  Total number of paths / destination ports: 334494 / 95
-------------------------------------------------------------------------
Offset:              6.486ns (Levels of Logic = 32)
  Source:            regfile/r26/temp_0 (FF)
  Destination:       zero (PAD)
  Source Clock:      clk rising

  Data Path: regfile/r26/temp_0 to zero
                                Gate     Net
    Cell:in->out      fanout   Delay   Delay  Logical Name (Net Name)
    ----------------------------------------  ------------
     FDE:C->Q              2   0.361   0.561  regfile/r26/temp_0 (regfile/r26/temp_0)
     LUT6:I2->O            1   0.097   0.556  regfile/mux1/Mmux_y_81 (regfile/mux1/Mmux_y_81)
     LUT6:I2->O            1   0.097   0.000  regfile/mux1/Mmux_y_3 (regfile/mux1/Mmux_y_3)
     MUXF7:I1->O           6   0.279   0.318  regfile/mux1/Mmux_y_2_f7 (read_data1<0>)
     LUT6:I5->O            1   0.097   0.000  alufile/Msub_tmp2<31:0>_lut<0> (alufile/Msub_tmp2<31:0>_lut<0>)
     MUXCY:S->O            1   0.353   0.000  alufile/Msub_tmp2<31:0>_cy<0> (alufile/Msub_tmp2<31:0>_cy<0>)
     MUXCY:CI->O           1   0.023   0.000  alufile/Msub_tmp2<31:0>_cy<1> (alufile/Msub_tmp2<31:0>_cy<1>)
     MUXCY:CI->O           1   0.023   0.000  alufile/Msub_tmp2<31:0>_cy<2> (alufile/Msub_tmp2<31:0>_cy<2>)
     MUXCY:CI->O           1   0.023   0.000  alufile/Msub_tmp2<31:0>_cy<3> (alufile/Msub_tmp2<31:0>_cy<3>)
     MUXCY:CI->O           1   0.023   0.000  alufile/Msub_tmp2<31:0>_cy<4> (alufile/Msub_tmp2<31:0>_cy<4>)
     MUXCY:CI->O           1   0.023   0.000  alufile/Msub_tmp2<31:0>_cy<5> (alufile/Msub_tmp2<31:0>_cy<5>)
     MUXCY:CI->O           1   0.023   0.000  alufile/Msub_tmp2<31:0>_cy<6> (alufile/Msub_tmp2<31:0>_cy<6>)
     MUXCY:CI->O           1   0.023   0.000  alufile/Msub_tmp2<31:0>_cy<7> (alufile/Msub_tmp2<31:0>_cy<7>)
     MUXCY:CI->O           1   0.023   0.000  alufile/Msub_tmp2<31:0>_cy<8> (alufile/Msub_tmp2<31:0>_cy<8>)
     MUXCY:CI->O           1   0.023   0.000  alufile/Msub_tmp2<31:0>_cy<9> (alufile/Msub_tmp2<31:0>_cy<9>)
     MUXCY:CI->O           1   0.023   0.000  alufile/Msub_tmp2<31:0>_cy<10> (alufile/Msub_tmp2<31:0>_cy<10>)
     MUXCY:CI->O           1   0.023   0.000  alufile/Msub_tmp2<31:0>_cy<11> (alufile/Msub_tmp2<31:0>_cy<11>)
     MUXCY:CI->O           1   0.023   0.000  alufile/Msub_tmp2<31:0>_cy<12> (alufile/Msub_tmp2<31:0>_cy<12>)
     MUXCY:CI->O           1   0.023   0.000  alufile/Msub_tmp2<31:0>_cy<13> (alufile/Msub_tmp2<31:0>_cy<13>)
     MUXCY:CI->O           1   0.023   0.000  alufile/Msub_tmp2<31:0>_cy<14> (alufile/Msub_tmp2<31:0>_cy<14>)
     MUXCY:CI->O           1   0.023   0.000  alufile/Msub_tmp2<31:0>_cy<15> (alufile/Msub_tmp2<31:0>_cy<15>)
     MUXCY:CI->O           1   0.023   0.000  alufile/Msub_tmp2<31:0>_cy<16> (alufile/Msub_tmp2<31:0>_cy<16>)
     MUXCY:CI->O           1   0.023   0.000  alufile/Msub_tmp2<31:0>_cy<17> (alufile/Msub_tmp2<31:0>_cy<17>)
     MUXCY:CI->O           1   0.023   0.000  alufile/Msub_tmp2<31:0>_cy<18> (alufile/Msub_tmp2<31:0>_cy<18>)
     MUXCY:CI->O           1   0.023   0.000  alufile/Msub_tmp2<31:0>_cy<19> (alufile/Msub_tmp2<31:0>_cy<19>)
     MUXCY:CI->O           1   0.023   0.000  alufile/Msub_tmp2<31:0>_cy<20> (alufile/Msub_tmp2<31:0>_cy<20>)
     MUXCY:CI->O           1   0.023   0.000  alufile/Msub_tmp2<31:0>_cy<21> (alufile/Msub_tmp2<31:0>_cy<21>)
     XORCY:CI->O           2   0.370   0.697  alufile/Msub_tmp2<31:0>_xor<22> (alufile/tmp2<22>)
     LUT6:I0->O            2   0.097   0.698  alufile/Mmux_Z_14_o_data1[31]_MUX_124_o23 (aluout_22_OBUFT)
     LUT6:I0->O            1   0.097   0.556  alufile/zflag<31>3 (alufile/zflag<31>2)
     LUT6:I2->O            1   0.097   0.295  alufile/zflag<31>8_SW0 (N311)
     LUT6:I5->O            1   0.097   0.279  alufile/zflag<31>8 (zero_OBUF)
     OBUF:I->O                 0.000          zero_OBUF (zero)
    ----------------------------------------
    Total                      6.486ns (2.525ns logic, 3.961ns route)
                                       (38.9% logic, 61.1% route)

=========================================================================
Timing constraint: Default path analysis
  Total number of paths / destination ports: 229233 / 65
-------------------------------------------------------------------------
Delay:               6.400ns (Levels of Logic = 33)
  Source:            instr<22> (PAD)
  Destination:       zero (PAD)

  Data Path: instr<22> to zero
                                Gate     Net
    Cell:in->out      fanout   Delay   Delay  Logical Name (Net Name)
    ----------------------------------------  ------------
     IBUF:I->O           257   0.001   0.835  instr_22_IBUF (instr_22_IBUF)
     LUT6:I0->O            1   0.097   0.556  regfile/mux1/Mmux_y_81 (regfile/mux1/Mmux_y_81)
     LUT6:I2->O            1   0.097   0.000  regfile/mux1/Mmux_y_3 (regfile/mux1/Mmux_y_3)
     MUXF7:I1->O           6   0.279   0.318  regfile/mux1/Mmux_y_2_f7 (read_data1<0>)
     LUT6:I5->O            1   0.097   0.000  alufile/Msub_tmp2<31:0>_lut<0> (alufile/Msub_tmp2<31:0>_lut<0>)
     MUXCY:S->O            1   0.353   0.000  alufile/Msub_tmp2<31:0>_cy<0> (alufile/Msub_tmp2<31:0>_cy<0>)
     MUXCY:CI->O           1   0.023   0.000  alufile/Msub_tmp2<31:0>_cy<1> (alufile/Msub_tmp2<31:0>_cy<1>)
     MUXCY:CI->O           1   0.023   0.000  alufile/Msub_tmp2<31:0>_cy<2> (alufile/Msub_tmp2<31:0>_cy<2>)
     MUXCY:CI->O           1   0.023   0.000  alufile/Msub_tmp2<31:0>_cy<3> (alufile/Msub_tmp2<31:0>_cy<3>)
     MUXCY:CI->O           1   0.023   0.000  alufile/Msub_tmp2<31:0>_cy<4> (alufile/Msub_tmp2<31:0>_cy<4>)
     MUXCY:CI->O           1   0.023   0.000  alufile/Msub_tmp2<31:0>_cy<5> (alufile/Msub_tmp2<31:0>_cy<5>)
     MUXCY:CI->O           1   0.023   0.000  alufile/Msub_tmp2<31:0>_cy<6> (alufile/Msub_tmp2<31:0>_cy<6>)
     MUXCY:CI->O           1   0.023   0.000  alufile/Msub_tmp2<31:0>_cy<7> (alufile/Msub_tmp2<31:0>_cy<7>)
     MUXCY:CI->O           1   0.023   0.000  alufile/Msub_tmp2<31:0>_cy<8> (alufile/Msub_tmp2<31:0>_cy<8>)
     MUXCY:CI->O           1   0.023   0.000  alufile/Msub_tmp2<31:0>_cy<9> (alufile/Msub_tmp2<31:0>_cy<9>)
     MUXCY:CI->O           1   0.023   0.000  alufile/Msub_tmp2<31:0>_cy<10> (alufile/Msub_tmp2<31:0>_cy<10>)
     MUXCY:CI->O           1   0.023   0.000  alufile/Msub_tmp2<31:0>_cy<11> (alufile/Msub_tmp2<31:0>_cy<11>)
     MUXCY:CI->O           1   0.023   0.000  alufile/Msub_tmp2<31:0>_cy<12> (alufile/Msub_tmp2<31:0>_cy<12>)
     MUXCY:CI->O           1   0.023   0.000  alufile/Msub_tmp2<31:0>_cy<13> (alufile/Msub_tmp2<31:0>_cy<13>)
     MUXCY:CI->O           1   0.023   0.000  alufile/Msub_tmp2<31:0>_cy<14> (alufile/Msub_tmp2<31:0>_cy<14>)
     MUXCY:CI->O           1   0.023   0.000  alufile/Msub_tmp2<31:0>_cy<15> (alufile/Msub_tmp2<31:0>_cy<15>)
     MUXCY:CI->O           1   0.023   0.000  alufile/Msub_tmp2<31:0>_cy<16> (alufile/Msub_tmp2<31:0>_cy<16>)
     MUXCY:CI->O           1   0.023   0.000  alufile/Msub_tmp2<31:0>_cy<17> (alufile/Msub_tmp2<31:0>_cy<17>)
     MUXCY:CI->O           1   0.023   0.000  alufile/Msub_tmp2<31:0>_cy<18> (alufile/Msub_tmp2<31:0>_cy<18>)
     MUXCY:CI->O           1   0.023   0.000  alufile/Msub_tmp2<31:0>_cy<19> (alufile/Msub_tmp2<31:0>_cy<19>)
     MUXCY:CI->O           1   0.023   0.000  alufile/Msub_tmp2<31:0>_cy<20> (alufile/Msub_tmp2<31:0>_cy<20>)
     MUXCY:CI->O           1   0.023   0.000  alufile/Msub_tmp2<31:0>_cy<21> (alufile/Msub_tmp2<31:0>_cy<21>)
     XORCY:CI->O           2   0.370   0.697  alufile/Msub_tmp2<31:0>_xor<22> (alufile/tmp2<22>)
     LUT6:I0->O            2   0.097   0.698  alufile/Mmux_Z_14_o_data1[31]_MUX_124_o23 (aluout_22_OBUFT)
     LUT6:I0->O            1   0.097   0.556  alufile/zflag<31>3 (alufile/zflag<31>2)
     LUT6:I2->O            1   0.097   0.295  alufile/zflag<31>8_SW0 (N311)
     LUT6:I5->O            1   0.097   0.279  alufile/zflag<31>8 (zero_OBUF)
     OBUF:I->O                 0.000          zero_OBUF (zero)
    ----------------------------------------
    Total                      6.400ns (2.165ns logic, 4.235ns route)
                                       (33.8% logic, 66.2% route)

=========================================================================

Cross Clock Domains Report:
--------------------------

Clock to Setup on destination clock clk
---------------+---------+---------+---------+---------+
               | Src:Rise| Src:Fall| Src:Rise| Src:Fall|
Source Clock   |Dest:Rise|Dest:Rise|Dest:Fall|Dest:Fall|
---------------+---------+---------+---------+---------+
clk            |    4.268|         |         |         |
---------------+---------+---------+---------+---------+

=========================================================================


Total REAL time to Xst completion: 15.00 secs
Total CPU time to Xst completion: 14.95 secs
 
--> 

Total memory usage is 4636800 kilobytes

Number of errors   :    0 (   0 filtered)
Number of warnings :   37 (   0 filtered)
Number of infos    :    1 (   0 filtered)

