Release 14.7 - xst P.20131013 (nt64)
Copyright (c) 1995-2013 Xilinx, Inc.  All rights reserved.
--> Parameter TMPDIR set to xst/projnav.tmp


Total REAL time to Xst completion: 0.00 secs
Total CPU time to Xst completion: 0.09 secs
 
--> Parameter xsthdpdir set to xst


Total REAL time to Xst completion: 0.00 secs
Total CPU time to Xst completion: 0.10 secs
 
--> Reading design: mainn.prj

TABLE OF CONTENTS
  1) Synthesis Options Summary
  2) HDL Parsing
  3) HDL Elaboration
  4) HDL Synthesis
       4.1) HDL Synthesis Report
  5) Advanced HDL Synthesis
       5.1) Advanced HDL Synthesis Report
  6) Low Level Synthesis
  7) Partition Report
  8) Design Summary
       8.1) Primitive and Black Box Usage
       8.2) Device utilization summary
       8.3) Partition Resource Summary
       8.4) Timing Report
            8.4.1) Clock Information
            8.4.2) Asynchronous Control Signals Information
            8.4.3) Timing Summary
            8.4.4) Timing Details
            8.4.5) Cross Clock Domains Report


=========================================================================
*                      Synthesis Options Summary                        *
=========================================================================
---- Source Parameters
Input File Name                    : "mainn.prj"
Ignore Synthesis Constraint File   : NO

---- Target Parameters
Output File Name                   : "mainn"
Output Format                      : NGC
Target Device                      : xc7a100t-3-csg324

---- Source Options
Top Module Name                    : mainn
Automatic FSM Extraction           : YES
FSM Encoding Algorithm             : Auto
Safe Implementation                : No
FSM Style                          : LUT
RAM Extraction                     : Yes
RAM Style                          : Auto
ROM Extraction                     : Yes
Shift Register Extraction          : YES
ROM Style                          : Auto
Resource Sharing                   : YES
Asynchronous To Synchronous        : NO
Shift Register Minimum Size        : 2
Use DSP Block                      : Auto
Automatic Register Balancing       : No

---- Target Options
LUT Combining                      : Auto
Reduce Control Sets                : Auto
Add IO Buffers                     : YES
Global Maximum Fanout              : 100000
Add Generic Clock Buffer(BUFG)     : 32
Register Duplication               : YES
Optimize Instantiated Primitives   : NO
Use Clock Enable                   : Auto
Use Synchronous Set                : Auto
Use Synchronous Reset              : Auto
Pack IO Registers into IOBs        : Auto
Equivalent register Removal        : YES

---- General Options
Optimization Goal                  : Speed
Optimization Effort                : 1
Power Reduction                    : NO
Keep Hierarchy                     : No
Netlist Hierarchy                  : As_Optimized
RTL Output                         : Yes
Global Optimization                : AllClockNets
Read Cores                         : YES
Write Timing Constraints           : NO
Cross Clock Analysis               : NO
Hierarchy Separator                : /
Bus Delimiter                      : <>
Case Specifier                     : Maintain
Slice Utilization Ratio            : 100
BRAM Utilization Ratio             : 100
DSP48 Utilization Ratio            : 100
Auto BRAM Packing                  : NO
Slice Utilization Ratio Delta      : 5

=========================================================================


=========================================================================
*                          HDL Parsing                                  *
=========================================================================
Parsing VHDL file "D:\yusuf\subjects\Sophomore semester 4\Computer organization and architecture\Major Task\Group7_21P0144\project\mainn.vhd" into library work
ERROR:HDLCompiler:104 - "D:\yusuf\subjects\Sophomore semester 4\Computer organization and architecture\Major Task\Group7_21P0144\project\mainn.vhd" Line 23: Cannot find <pack_1> in library <work>. Please ensure that the library was compiled, and that a library and a use clause are present in the VHDL file.
Parsing entity <mainn>.
ERROR:HDLCompiler:854 - "D:\yusuf\subjects\Sophomore semester 4\Computer organization and architecture\Major Task\Group7_21P0144\project\mainn.vhd" Line 34: Unit <mainn> ignored due to previous errors.
Parsing architecture <Behavioral> of entity <mainn>.
ERROR:HDLCompiler:374 - "D:\yusuf\subjects\Sophomore semester 4\Computer organization and architecture\Major Task\Group7_21P0144\project\mainn.vhd" Line 39: Entity <mainn> is not yet compiled.
ERROR:HDLCompiler:69 - "D:\yusuf\subjects\Sophomore semester 4\Computer organization and architecture\Major Task\Group7_21P0144\project\mainn.vhd" Line 41: <std_logic_vector> is not declared.
ERROR:HDLCompiler:69 - "D:\yusuf\subjects\Sophomore semester 4\Computer organization and architecture\Major Task\Group7_21P0144\project\mainn.vhd" Line 42: <std_logic_vector> is not declared.
ERROR:HDLCompiler:69 - "D:\yusuf\subjects\Sophomore semester 4\Computer organization and architecture\Major Task\Group7_21P0144\project\mainn.vhd" Line 43: <std_logic_vector> is not declared.
ERROR:HDLCompiler:69 - "D:\yusuf\subjects\Sophomore semester 4\Computer organization and architecture\Major Task\Group7_21P0144\project\mainn.vhd" Line 47: <aluop> is not declared.
ERROR:HDLCompiler:69 - "D:\yusuf\subjects\Sophomore semester 4\Computer organization and architecture\Major Task\Group7_21P0144\project\mainn.vhd" Line 48: <data1> is not declared.
ERROR:HDLCompiler:69 - "D:\yusuf\subjects\Sophomore semester 4\Computer organization and architecture\Major Task\Group7_21P0144\project\mainn.vhd" Line 49: <data2> is not declared.
ERROR:HDLCompiler:806 - "D:\yusuf\subjects\Sophomore semester 4\Computer organization and architecture\Major Task\Group7_21P0144\project\mainn.vhd" Line 51: Syntax error near "if".
ERROR:HDLCompiler:69 - "D:\yusuf\subjects\Sophomore semester 4\Computer organization and architecture\Major Task\Group7_21P0144\project\mainn.vhd" Line 52: <adderandsub> is not declared.
ERROR:HDLCompiler:806 - "D:\yusuf\subjects\Sophomore semester 4\Computer organization and architecture\Major Task\Group7_21P0144\project\mainn.vhd" Line 54: Syntax error near "elsif".
ERROR:HDLCompiler:69 - "D:\yusuf\subjects\Sophomore semester 4\Computer organization and architecture\Major Task\Group7_21P0144\project\mainn.vhd" Line 55: <sr1> is not declared.
ERROR:HDLCompiler:806 - "D:\yusuf\subjects\Sophomore semester 4\Computer organization and architecture\Major Task\Group7_21P0144\project\mainn.vhd" Line 57: Syntax error near "elsif".
ERROR:HDLCompiler:806 - "D:\yusuf\subjects\Sophomore semester 4\Computer organization and architecture\Major Task\Group7_21P0144\project\mainn.vhd" Line 58: Syntax error near ";".
ERROR:HDLCompiler:69 - "D:\yusuf\subjects\Sophomore semester 4\Computer organization and architecture\Major Task\Group7_21P0144\project\mainn.vhd" Line 60: <output> is not declared.
ERROR:HDLCompiler:806 - "D:\yusuf\subjects\Sophomore semester 4\Computer organization and architecture\Major Task\Group7_21P0144\project\mainn.vhd" Line 62: Syntax error near "if".
VHDL file D:\yusuf\subjects\Sophomore semester 4\Computer organization and architecture\Major Task\Group7_21P0144\project\mainn.vhd ignored due to errors
--> 

Total memory usage is 4497852 kilobytes

Number of errors   :   17 (   0 filtered)
Number of warnings :    0 (   0 filtered)
Number of infos    :    0 (   0 filtered)

